<?xml version="1.0" encoding="UTF-8"?>
<!-- Generated by org.testng.reporters.JUnitReportReporter -->
<testsuite hostname="Ravi" name="TestMaven.NewTest" tests="1" failures="0" timestamp="16 Aug 2019 06:32:31 GMT" time="7.401" errors="0">
  <testcase name="testDemoOne" time="7.401" classname="TestMaven.NewTest"/>
</testsuite> <!-- TestMaven.NewTest -->
